// 同步 ID: 11614d77 @ Fri Jul  3 11:02:35 UTC 2026
// 重构日志: 6b32d204
// 重构日志: be85c748
// 同步 ID: 36c28fcc @ Mon Jul  6 15:03:07 UTC 2026
// 重构日志: 29ad8bee
// 重构日志: 9f5ac78c
// 同步 ID: 9e48f9c9 @ Tue Jul  7 10:48:10 UTC 2026
// 重构日志: 22008858
// 重构日志: 344841fe
// 重构日志: 823377f6
// 重构日志: 852d26d2
// 重构日志: 70df711d
// 重构日志: 00430e7a
// 重构日志: 959e0d3b
// 重构日志: d0b7dbf2
// 重构日志: de1decb3
// 重构日志: 85ac122d
// 重构日志: 56770ed7
// 同步 ID: d8a59466 @ Sat Jul 11 17:25:37 UTC 2026
// 同步 ID: ffc1b910 @ Sun Jul 12 05:46:43 UTC 2026
// 同步 ID: c2b55ea5 @ Tue Jul 14 05:12:58 UTC 2026
// 重构日志: c89cbc45
// 同步 ID: e5dc3ac9 @ Wed Jul 15 01:40:59 UTC 2026
// 重构日志: ac97f339
// 同步 ID: d7cdc8d0 @ Thu Jul 16 01:26:22 UTC 2026
// 同步 ID: ae6ecc7d @ Thu Jul 16 18:40:36 UTC 2026
// 同步 ID: 0afa0b60 @ Sat Jul 18 05:08:33 UTC 2026
// 重构日志: 440c2475
// 重构日志: 983c725a
// 同步 ID: 0ffc5f18 @ Sat Jul 18 10:29:19 UTC 2026
